<?xml version="1.0" encoding="UTF-8"?>
<testsuite xmlns:xsi="http://www.w3.org/2001/XMLSchema-instance" xsi:noNamespaceSchemaLocation="https://maven.apache.org/surefire/maven-surefire-plugin/xsd/surefire-test-report-3.0.xsd" version="3.0" name="com.NextCoreInv.book_network.BookNetworkApiApplicationTests" time="3.759" tests="1" errors="0" skipped="0" failures="0">
  <properties>
[...]
</properties>
  <testcase name="contextLoads" classname="com.NextCoreInv.book_network.BookNetworkApiApplicationTests" time="0.336">
    <system-out><![CDATA[09:27:22.966 [main] INFO org.springframework.test.context.support.AnnotationConfigContextLoaderUtils -- Could not detect default configuration classes for test class [com.NextCoreInv.book_network.BookNetworkApiApplicationTests]: BookNetworkApiApplicationTests does not declare any static, non-private, non-final, nested classes annotated with @Configuration.
09:27:23.021 [main] INFO org.springframework.boot.test.context.SpringBootTestContextBootstrapper -- Found @SpringBootConfiguration com.NextCoreInv.book_network.BookNetworkApiApplication for test class com.NextCoreInv.book_network.BookNetworkApiApplicationTests
09:27:23.088 [main] INFO org.springframework.boot.devtools.restart.RestartApplicationListener -- Restart disabled due to context in which it is running

  .   ____          _            __ _ _
 /\\ / ___'_ __ _ _(_)_ __  __ _ \ \ \ \
( ( )\___ | '_ | '_| | '_ \/ _` | \ \ \ \
 \\/  ___)| |_)| | | | | || (_| |  ) ) ) )
  '  |____| .__|_| |_|_| |_\__, | / / / /
 =========|_|==============|___/=/_/_/_/
 :: Spring Boot ::                (v3.2.2)

2025-03-23T09:27:23.222+05:30  INFO 4109 --- [           main] c.N.b.BookNetworkApiApplicationTests     : Starting BookNetworkApiApplicationTests using Java 17.0.13 with PID 4109 (started by kavindu in /Users/kavindu/Developer/Software Enginner/My Programing/Java/Projects/Social-book_Network/Social-Book-Network/API)
2025-03-23T09:27:23.222+05:30  INFO 4109 --- [           main] c.N.b.BookNetworkApiApplicationTests     : The following 1 profile is active: "dev"
2025-03-23T09:27:23.617+05:30  INFO 4109 --- [           main] .s.d.r.c.RepositoryConfigurationDelegate : Bootstrapping Spring Data JPA repositories in DEFAULT mode.
2025-03-23T09:27:23.651+05:30  INFO 4109 --- [           main] .s.d.r.c.RepositoryConfigurationDelegate : Finished Spring Data repository scanning in 30 ms. Found 6 JPA repository interfaces.
2025-03-23T09:27:23.905+05:30  INFO 4109 --- [           main] o.hibernate.jpa.internal.util.LogHelper  : HHH000204: Processing PersistenceUnitInfo [name: default]
2025-03-23T09:27:23.942+05:30  INFO 4109 --- [           main] org.hibernate.Version                    : HHH000412: Hibernate ORM core version 6.4.1.Final
2025-03-23T09:27:23.959+05:30  INFO 4109 --- [           main] o.h.c.internal.RegionFactoryInitiator    : HHH000026: Second-level cache disabled
2025-03-23T09:27:24.071+05:30  INFO 4109 --- [           main] o.s.o.j.p.SpringPersistenceUnitInfo      : No LoadTimeWeaver setup: ignoring JPA class transformer
2025-03-23T09:27:24.084+05:30  INFO 4109 --- [           main] com.zaxxer.hikari.HikariDataSource       : HikariPool-1 - Starting...
2025-03-23T09:27:24.219+05:30  INFO 4109 --- [           main] com.zaxxer.hikari.pool.HikariPool        : HikariPool-1 - Added connection org.postgresql.jdbc.PgConnection@120411ec
2025-03-23T09:27:24.220+05:30  INFO 4109 --- [           main] com.zaxxer.hikari.HikariDataSource       : HikariPool-1 - Start completed.
2025-03-23T09:27:24.256+05:30  WARN 4109 --- [           main] org.hibernate.orm.deprecation            : HHH90000025: PostgreSQLDialect does not need to be specified explicitly using 'hibernate.dialect' (remove the property setting and it will be selected by default)
2025-03-23T09:27:24.825+05:30  INFO 4109 --- [           main] o.h.e.t.j.p.i.JtaPlatformInitiator       : HHH000489: No JTA platform available (set 'hibernate.transaction.jta.platform' to enable JTA platform integration)
2025-03-23T09:27:24.925+05:30  INFO 4109 --- [           main] j.LocalContainerEntityManagerFactoryBean : Initialized JPA EntityManagerFactory for persistence unit 'default'
2025-03-23T09:27:25.246+05:30  INFO 4109 --- [           main] o.s.d.j.r.query.QueryEnhancerFactory     : Hibernate is in classpath; If applicable, HQL parser will be used.
2025-03-23T09:27:25.669+05:30  WARN 4109 --- [           main] JpaBaseConfiguration$JpaWebConfiguration : spring.jpa.open-in-view is enabled by default. Therefore, database queries may be performed during view rendering. Explicitly configure spring.jpa.open-in-view to disable this warning
2025-03-23T09:27:25.906+05:30  INFO 4109 --- [           main] o.s.s.web.DefaultSecurityFilterChain     : Will secure any request with [org.springframework.security.web.session.DisableEncodeUrlFilter@479885d, org.springframework.security.web.context.request.async.WebAsyncManagerIntegrationFilter@47609e3d, org.springframework.security.web.context.SecurityContextHolderFilter@f083345, org.springframework.security.web.header.HeaderWriterFilter@faa70af, org.springframework.web.filter.CorsFilter@65f809cb, org.springframework.security.web.authentication.logout.LogoutFilter@40503088, com.NextCoreInv.book_network.security.JwtFilter@597eb9ac, org.springframework.security.web.savedrequest.RequestCacheAwareFilter@6559f04e, org.springframework.security.web.servletapi.SecurityContextHolderAwareRequestFilter@17e71422, org.springframework.security.web.authentication.AnonymousAuthenticationFilter@7555782c, org.springframework.security.web.session.SessionManagementFilter@8f7cbcc, org.springframework.security.web.access.ExceptionTranslationFilter@74aae322, org.springframework.security.web.access.intercept.AuthorizationFilter@4ccfd904]
2025-03-23T09:27:26.204+05:30  INFO 4109 --- [           main] c.N.b.BookNetworkApiApplicationTests     : Started BookNetworkApiApplicationTests in 3.123 seconds (process running for 3.568)
]]></system-out>
  </testcase>
</testsuite>